<?xml version="1.0" encoding="UTF-8"?>
<!-- Generated by org.testng.reporters.JUnitReportReporter -->
<testsuite hostname="DESKTOP-H7JOT3B" failures="0" tests="6" name="testCase.TC01" time="272.335" errors="0" timestamp="2023-09-06T11:00:07 IST" skipped="0">
  <testcase classname="testCase.TC01" name="verifyCookiesHandle" time="47.567"/>
  <system-out/>
  <testcase classname="testCase.TC01" name="verifyLoginWithValidCredential" time="42.629"/>
  <system-out/>
  <testcase classname="testCase.TC01" name="verifyScrollDown" time="31.552"/>
  <system-out/>
  <testcase classname="testCase.TC01" name="verifyMouseHover" time="32.818"/>
  <system-out/>
  <testcase classname="testCase.TC01" name="verifyGetWindowHandle" time="33.391"/>
  <system-out/>
  <testcase classname="testCase.TC01" name="verifyScrollUp" time="84.378"/>
  <system-out/>
</testsuite> <!-- testCase.TC01 -->
